8. 9. 2021 15:42:32 error: decode.jwtDecode is not a function decode.jwtDecode is not a function - TypeError: decode.jwtDecode is not a function
    at /home/honza/Documents/dev/Koishi-api/routes/users.js:67:21
    at newFn (/home/honza/Documents/dev/Koishi-api/node_modules/express-async-errors/index.js:16:20)
    at Layer.handle [as handle_request] (/home/honza/Documents/dev/Koishi-api/node_modules/express/lib/router/layer.js:95:5)
    at next (/home/honza/Documents/dev/Koishi-api/node_modules/express/lib/router/route.js:137:13)
    at auth (/home/honza/Documents/dev/Koishi-api/middleware/auth.js:22:5)
    at newFn (/home/honza/Documents/dev/Koishi-api/node_modules/express-async-errors/index.js:16:20)
    at Layer.handle [as handle_request] (/home/honza/Documents/dev/Koishi-api/node_modules/express/lib/router/layer.js:95:5)
    at next (/home/honza/Documents/dev/Koishi-api/node_modules/express/lib/router/route.js:137:13)
    at Route.dispatch (/home/honza/Documents/dev/Koishi-api/node_modules/express/lib/router/route.js:112:3)
    at newFn (/home/honza/Documents/dev/Koishi-api/node_modules/express-async-errors/index.js:16:20)
8. 9. 2021 15:43:04 error: jwtDecode is not defined jwtDecode is not defined - ReferenceError: jwtDecode is not defined
    at /home/honza/Documents/dev/Koishi-api/routes/users.js:67:14
    at newFn (/home/honza/Documents/dev/Koishi-api/node_modules/express-async-errors/index.js:16:20)
    at Layer.handle [as handle_request] (/home/honza/Documents/dev/Koishi-api/node_modules/express/lib/router/layer.js:95:5)
    at next (/home/honza/Documents/dev/Koishi-api/node_modules/express/lib/router/route.js:137:13)
    at auth (/home/honza/Documents/dev/Koishi-api/middleware/auth.js:22:5)
    at newFn (/home/honza/Documents/dev/Koishi-api/node_modules/express-async-errors/index.js:16:20)
    at Layer.handle [as handle_request] (/home/honza/Documents/dev/Koishi-api/node_modules/express/lib/router/layer.js:95:5)
    at next (/home/honza/Documents/dev/Koishi-api/node_modules/express/lib/router/route.js:137:13)
    at Route.dispatch (/home/honza/Documents/dev/Koishi-api/node_modules/express/lib/router/route.js:112:3)
    at newFn (/home/honza/Documents/dev/Koishi-api/node_modules/express-async-errors/index.js:16:20)
8. 9. 2021 18:08:04 error: verifiedUser.generateAuthToken is not a function verifiedUser.generateAuthToken is not a function - TypeError: verifiedUser.generateAuthToken is not a function
    at /home/honza/Documents/dev/Koishi-api/routes/users.js:79:64
    at processTicksAndRejections (node:internal/process/task_queues:96:5)
